SELECT * FROM CrewFlightView WHERE AircraftType = 'Boeing 737';
 flightnumber |    departuretime    |     arrivaltime     | aircraftid | aircrafttype
--------------+---------------------+---------------------+------------+--------------
         1151 | 2023-09-17 14:04:42 | 2023-09-17 18:04:42 |      12350 | Boeing 737
          609 | 2023-07-27 01:08:16 | 2023-07-27 13:08:16 |      12212 | Boeing 737
         1687 | 2024-03-26 19:10:54 | 2024-03-27 08:10:54 |      11043 | Boeing 737
         1101 | 2025-05-12 05:19:20 | 2025-05-12 08:19:20 |      11365 | Boeing 737
          260 | 2023-08-06 19:23:37 | 2023-08-07 18:23:37 |      81360 | Boeing 737
         1878 | 2023-07-09 08:56:59 | 2023-07-09 22:56:59 |      41425 | Boeing 737
         1354 | 2024-05-26 00:36:38 | 2024-05-26 02:36:38 |      57769 | Boeing 737
          741 | 2025-03-12 13:35:42 | 2025-03-13 12:35:42 |      84981 | Boeing 737
          997 | 2024-03-30 02:09:00 | 2024-03-31 02:09:00 |      33386 | Boeing 737
          516 | 2024-01-11 07:19:07 | 2024-01-11 15:19:07 |      31567 | Boeing 737
          882 | 2025-05-06 10:25:22 | 2025-05-07 05:25:22 |      77015 | Boeing 737
          248 | 2024-01-06 14:18:55 | 2024-01-07 11:18:55 |      34349 | Boeing 737
          945 | 2023-10-28 13:18:03 | 2023-10-29 12:18:03 |      95472 | Boeing 737
         1818 | 2024-10-20 08:51:39 | 2024-10-20 23:51:39 |      30426 | Boeing 737
         1448 | 2023-11-09 23:58:18 | 2023-11-10 17:58:18 |      11340 | Boeing 737
          239 | 2024-10-28 04:49:47 | 2024-10-29 03:49:47 |      11340 | Boeing 737
          951 | 2025-03-16 13:07:16 | 2025-03-17 10:07:16 |      49192 | Boeing 737
          472 | 2024-06-27 01:35:01 | 2024-06-28 01:35:01 |      33561 | Boeing 737
          168 | 2023-06-27 07:08:59 | 2023-06-27 23:08:59 |      72786 | Boeing 737
         1213 | 2023-12-31 22:48:53 | 2024-01-01 06:48:53 |      41478 | Boeing 737
         1429 | 2024-04-11 02:47:16 | 2024-04-11 08:47:16 |      35734 | Boeing 737
         1754 | 2024-07-04 18:35:37 | 2024-07-05 05:35:37 |      97194 | Boeing 737
         1562 | 2025-04-28 06:31:16 | 2025-04-28 12:31:16 |      81723 | Boeing 737
          461 | 2023-11-12 00:05:22 | 2023-11-12 18:05:22 |      81723 | Boeing 737
          748 | 2025-05-21 05:16:20 | 2025-05-22 04:16:20 |      67115 | Boeing 737
           39 | 2024-11-10 04:18:11 | 2024-11-10 07:18:11 |      45331 | Boeing 737
          594 | 2025-01-20 11:10:40 | 2025-01-20 18:10:40 |      52391 | Boeing 737
          946 | 2023-06-21 13:19:17 | 2023-06-21 16:19:17 |      54109 | Boeing 737
          810 | 2025-01-02 12:50:08 | 2025-01-02 20:50:08 |      71967 | Boeing 737
          784 | 2024-11-06 21:55:44 | 2024-11-07 20:55:44 |      70453 | Boeing 737
          521 | 2024-06-11 06:31:16 | 2024-06-11 23:31:16 |      86957 | Boeing 737
          935 | 2024-06-23 00:38:49 | 2024-06-23 12:38:49 |      25153 | Boeing 737
          593 | 2024-10-08 20:18:27 | 2024-10-09 12:18:27 |      95099 | Boeing 737
          312 | 2023-12-01 02:20:29 | 2023-12-01 18:20:29 |      95442 | Boeing 737
          103 | 2024-11-09 21:42:43 | 2024-11-10 11:42:43 |      51706 | Boeing 737
         1339 | 2023-12-03 16:26:41 | 2023-12-04 09:26:41 |      60005 | Boeing 737
         1058 | 2024-08-17 02:47:01 | 2024-08-17 11:47:01 |      56541 | Boeing 737
          923 | 2024-06-03 19:16:12 | 2024-06-04 13:16:12 |      49774 | Boeing 737
         1947 | 2023-10-11 11:35:11 | 2023-10-12 07:35:11 |      12651 | Boeing 737
          918 | 2024-08-04 10:55:30 | 2024-08-04 14:55:30 |      45736 | Boeing 737
         1141 | 2024-11-23 08:52:16 | 2024-11-24 04:52:16 |      52870 | Boeing 737





SELECT * FROM PassengerBookingView WHERE BookingStatus = 'Confirmed';
 passengerid |       passengername        | bookingid | bookingdate | flightnumber |    departuretime    |     arrivaltime     | bookingstatus
-------------+----------------------------+-----------+-------------+--------------+---------------------+---------------------+---------------
   815773748 | Mark Martinez              |        15 | 2024-10-31  |         1930 | 2025-06-01 04:15:45 | 2025-06-01 20:15:45 | Confirmed
   283225473 | Kimberly Burton            |        17 | 2024-04-27  |          469 | 2024-03-22 09:01:18 | 2024-03-22 19:01:18 | Confirmed
   185447134 | Joshua Wright MD           |        29 | 2024-06-29  |         1394 | 2024-10-02 20:39:34 | 2024-10-03 11:39:34 | Confirmed
   177374957 | Christopher Shelton        |        30 | 2024-12-19  |          634 | 2024-04-28 08:46:43 | 2024-04-28 13:46:43 | Confirmed
   811887491 | Caleb Newton               |        31 | 2024-07-07  |          264 | 2024-09-09 02:46:36 | 2024-09-09 09:46:36 | Confirmed
   615530513 | James Quinn                |        37 | 2024-04-27  |         1939 | 2025-03-09 16:33:00 | 2025-03-10 10:33:00 | Confirmed
   678876529 | John Baker                 |        43 | 2024-10-17  |           46 | 2024-10-01 10:29:52 | 2024-10-02 03:29:52 | Confirmed
   737249484 | Tyler Nichols              |        81 | 2024-04-27  |         1504 | 2024-07-14 05:52:29 | 2024-07-14 06:52:29 | Confirmed
   858443357 | Spencer Miller             |        82 | 2024-04-27  |          703 | 2025-04-08 02:51:18 | 2025-04-08 06:51:18 | Confirmed
   395561776 | Monique Brown              |        98 | 2024-04-27  |         1073 | 2025-02-11 23:12:09 | 2025-02-12 12:12:09 | Confirmed
   183415034 | Philip Brown               |       103 | 2024-04-27  |          405 | 2025-03-10 23:04:26 | 2025-03-11 02:04:26 | Confirmed
   245062094 | John Robinson              |       104 | 2024-04-27  |          152 | 2025-02-02 06:53:30 | 2025-02-02 18:53:30 | Confirmed
   493930925 | Misty Patrick              |       117 | 2024-05-18  |          774 | 2025-04-12 18:00:11 | 2025-04-13 10:00:11 | Confirmed
   838082684 | Victor Newton              |       122 | 2024-12-24  |          644 | 2024-08-22 20:21:07 | 2024-08-23 02:21:07 | Confirmed
   304728004 | Julie Garcia               |       123 | 2024-09-05  |         1678 | 2024-04-10 07:11:44 | 2024-04-10 18:11:44 | Confirmed
   602542924 | Gerald Hurst               |       128 | 2024-06-10  |          726 | 2024-04-09 15:15:36 | 2024-04-09 23:15:36 | Confirmed
   534554011 | Ethan Beasley              |       155 | 2024-05-08  |         1445 | 2025-05-07 04:34:45 | 2025-05-07 06:34:45 | Confirmed
   124137922 | Randy Cook                 |       156 | 2024-05-20  |         1378 | 2024-11-13 18:45:25 | 2024-11-14 10:45:25 | Confirmed
   278148970 | Kyle Flores                |       160 | 2024-04-27  |          103 | 2024-11-09 21:42:43 | 2024-11-10 11:42:43 | Confirmed
   198579217 | Brian Mitchell             |       161 | 2024-04-27  |          530 | 2024-04-02 20:41:53 | 2024-04-03 06:41:53 | Confirmed
   968377504 | Shelley Myers              |       166 | 2024-05-13  |         1518 | 2024-10-12 04:31:21 | 2024-10-12 05:31:21 | Confirmed
   643061417 | Nicole Black               |       180 | 2024-04-27  |          513 | 2024-10-12 22:51:18 | 2024-10-13 14:51:18 | Confirmed
   542671894 | Eric Morgan                |       188 | 2024-05-23  |         1880 | 2025-05-07 07:45:44 | 2025-05-08 02:45:44 | Confirmed
   489170869 | Antonio Cunningham         |       189 | 2024-04-27  |          665 | 2024-09-09 03:14:42 | 2024-09-09 04:14:42 | Confirmed
   266985685 | Jacqueline Torres          |       196 | 2024-04-27  |         1855 | 2024-05-25 14:55:06 | 2024-05-25 20:55:06 | Confirmed
   537556781 | Jessica Hernandez          |       200 | 2024-04-27  |          603 | 2024-05-25 09:25:18 | 2024-05-25 13:25:18 | Confirmed
   853322979 | Keith Drake                |       204 | 2024-09-23  |         1292 | 2024-10-18 21:57:31 | 2024-10-19 00:57:31 | Confirmed
   764861643 | Peter Nelson               |       207 | 2024-07-07  |         1324 | 2024-09-11 04:45:27 | 2024-09-11 17:45:27 | Confirmed
   595765895 | Amy Shaw                   |       212 | 2024-04-27  |         1464 | 2025-03-05 05:50:08 | 2025-03-05 12:50:08 | Confirmed
   740993379 | Manuel Jensen              |       221 | 2024-04-27  |          731 | 2024-06-08 22:59:56 | 2024-06-09 16:59:56 | Confirmed
   100281803 | Ryan Kirk PhD              |       228 | 2024-04-27  |         1425 | 2024-10-03 07:50:31 | 2024-10-04 02:50:31 | Confirmed
   795982315 | Megan Cardenas             |       232 | 2024-07-13  |         1695 | 2025-06-12 20:53:30 | 2025-06-13 12:53:30 | Confirmed
   439004543 | Brenda White               |       239 | 2024-07-07  |           61 | 2024-05-06 01:55:10 | 2024-05-06 08:55:10 | Confirmed
   573452373 | Thomas Williamson          |       247 | 2024-11-23  |         1266 | 2024-07-03 19:53:25 | 2024-07-04 06:53:25 | Confirmed
   502072213 | Matthew Thomas             |       261 | 2024-04-27  |          368 | 2024-04-23 09:34:37 | 2024-04-23 15:34:37 | Confirmed
   994675714 | Rachel Joseph              |       264 | 2024-04-27  |          976 | 2025-04-18 07:53:01 | 2025-04-19 01:53:01 | Confirmed
   438452802 | Angela Williams            |       265 | 2024-04-27  |         1988 | 2024-12-19 15:54:25 | 2024-12-20 10:54:25 | Confirmed
   493448557 | Edward Wise                |       266 | 2024-04-27  |          300 | 2025-03-29 19:16:45 | 2025-03-30 11:16:45 | Confirmed
   510070975 | Joshua Campos              |       271 | 2024-05-04  |          272 | 2024-09-15 19:49:43 | 2024-09-15 23:49:43 | Confirmed
   345642087 | Nicole Harris              |       290 | 2024-07-14  |          200 | 2025-02-07 21:06:54 | 2025-02-08 10:06:54 | Confirmed
   656490765 | Scott Solis                |       299 | 2024-04-27  |         1094 | 2025-01-10 05:08:18 | 2025-01-10 09:08:18 | Confirmed





SELECT AircraftType, COUNT(*) AS NumberOfFlights 
FROM CrewFlightView 
GROUP BY AircraftType;


 aircrafttype | numberofflights
--------------+-----------------
 Boeing 737   |             431
 Airbus A380  |             379
 Airbus A320  |             394
 Boeing 747   |             365
 Boeing 787   |             430


SELECT * 
FROM CrewFlightView 
WHERE DepartureTime > '2024-07-23 00:00:00';
 flightnumber |    departuretime    |     arrivaltime     | aircraftid | aircrafttype
--------------+---------------------+---------------------+------------+--------------
          642 | 2024-12-13 23:35:35 | 2024-12-14 21:35:35 |      52382 | Boeing 787
          196 | 2025-02-23 00:28:44 | 2025-02-23 12:28:44 |      60839 | Boeing 747
         1237 | 2024-08-29 09:15:40 | 2024-08-30 06:15:40 |      14284 | Boeing 747
          112 | 2024-10-15 04:31:13 | 2024-10-15 18:31:13 |      76258 | Boeing 787
         1101 | 2025-05-12 05:19:20 | 2025-05-12 08:19:20 |      11365 | Boeing 737
         1292 | 2024-10-18 21:57:31 | 2024-10-19 00:57:31 |      56105 | Airbus A320
          741 | 2025-03-12 13:35:42 | 2025-03-13 12:35:42 |      84981 | Boeing 737
         1684 | 2025-06-03 21:35:16 | 2025-06-04 06:35:16 |      38933 | Boeing 787
         1608 | 2025-03-02 11:17:06 | 2025-03-03 06:17:06 |      90521 | Airbus A380
          860 | 2024-11-05 13:24:40 | 2024-11-05 17:24:40 |      43004 | Boeing 787
          882 | 2025-05-06 10:25:22 | 2025-05-07 05:25:22 |      77015 | Boeing 737
         1818 | 2024-10-20 08:51:39 | 2024-10-20 23:51:39 |      30426 | Boeing 737
          239 | 2024-10-28 04:49:47 | 2024-10-29 03:49:47 |      11340 | Boeing 737
         1119 | 2024-08-23 22:20:32 | 2024-08-24 17:20:32 |      46815 | Boeing 787
         1865 | 2025-06-15 14:47:42 | 2025-06-16 11:47:42 |      90723 | Airbus A320
         1884 | 2024-08-21 02:22:11 | 2024-08-21 15:22:11 |      44252 | Boeing 787
          951 | 2025-03-16 13:07:16 | 2025-03-17 10:07:16 |      49192 | Boeing 737
          953 | 2024-09-23 03:06:50 | 2024-09-23 07:06:50 |      31426 | Boeing 787
         1173 | 2024-12-08 12:06:24 | 2024-12-08 21:06:24 |      62387 | Boeing 787
           77 | 2024-11-01 06:03:23 | 2024-11-02 06:03:23 |      85984 | Airbus A320
         1017 | 2024-10-30 17:23:23 | 2024-10-31 10:23:23 |      57534 | Airbus A380
          175 | 2024-12-28 13:52:43 | 2024-12-29 11:52:43 |      41216 | Airbus A320
         1421 | 2024-08-22 08:08:52 | 2024-08-22 13:08:52 |      28563 | Airbus A320
           89 | 2025-02-12 12:40:54 | 2025-02-12 21:40:54 |      28563 | Airbus A320
         1655 | 2024-11-16 02:13:44 | 2024-11-16 05:13:44 |      52127 | Airbus A320
          799 | 2025-02-18 16:13:06 | 2025-02-19 04:13:06 |      76406 | Boeing 787
           80 | 2024-10-17 01:28:52 | 2024-10-17 10:28:52 |      25569 | Boeing 787
         1562 | 2025-04-28 06:31:16 | 2025-04-28 12:31:16 |      81723 | Boeing 737
          919 | 2024-09-28 11:13:59 | 2024-09-29 02:13:59 |      79384 | Airbus A380
          582 | 2025-03-17 20:48:30 | 2025-03-18 08:48:30 |      83213 | Boeing 747
         1681 | 2024-11-26 20:39:37 | 2024-11-27 00:39:37 |      63207 | Boeing 787
          416 | 2024-08-05 17:46:44 | 2024-08-06 11:46:44 |      38994 | Boeing 787
          748 | 2025-05-21 05:16:20 | 2025-05-22 04:16:20 |      67115 | Boeing 737
           39 | 2024-11-10 04:18:11 | 2024-11-10 07:18:11 |      45331 | Boeing 737
          594 | 2025-01-20 11:10:40 | 2025-01-20 18:10:40 |      52391 | Boeing 737
         1280 | 2025-04-17 23:53:17 | 2025-04-18 15:53:17 |      50859 | Airbus A380
         1020 | 2025-01-01 09:20:01 | 2025-01-01 19:20:01 |      54366 | Boeing 747
         1001 | 2025-01-09 03:16:06 | 2025-01-09 16:16:06 |      30421 | Airbus A320
          703 | 2025-04-08 02:51:18 | 2025-04-08 06:51:18 |      28502 | Boeing 787
           63 | 2025-02-27 00:29:11 | 2025-02-27 04:29:11 |      28587 | Airbus A380
          658 | 2025-01-14 02:23:52 | 2025-01-14 06:23:52 |      19881 | Boeing 747
         1744 | 2025-01-13 20:53:11 | 2025-01-14 14:53:11 |      21695 | Boeing 747
         1209 | 2025-02-19 18:26:39 | 2025-02-20 12:26:39 |      41111 | Airbus A320
          126 | 2025-04-24 20:07:26 | 2025-04-25 12:07:26 |      50700 | Boeing 787
         1702 | 2024-07-28 02:03:41 | 2024-07-28 20:03:41 |      12506 | Boeing 787
         1680 | 2025-02-24 10:41:53 | 2025-02-24 19:41:53 |      12506 | Boeing 787
         1948 | 2024-11-02 21:16:21 | 2024-11-03 08:16:21 |      56580 | Airbus A320
           96 | 2024-10-07 13:32:00 | 2024-10-08 05:32:00 |      84585 | Boeing 787
         1963 | 2024-11-23 08:48:37 | 2024-11-23 10:48:37 |      46858 | Boeing 787
-- More  --



SELECT PassengerName, COUNT(*) AS NumberOfBookings 
FROM PassengerBookingView 
GROUP BY PassengerName;

       passengername        | numberofbookings
----------------------------+------------------
 Samantha Evans             |                4
 Christopher Brown          |               27
 Mike Wilson                |               13
 Joshua Reed                |               10
 Erica Conner               |                5
 Lauren Boyd                |                4
 Mary Chapman               |               10
 Daniel Myers               |                7
 Julia Collins              |                7
 Eric Harris                |               16
 Olivia Luna                |                7
 Mark Bailey                |               12
 Erika Moody                |                7
 James Ramirez              |                5
 Ashley Bell                |                7
 Kelly Wilcox               |                1
 Ian Mason                  |                7
 Deborah Garcia             |               10
 Michelle Cole              |               10
 Jeremy Stevenson           |                6
 Amanda Jenkins             |               10
 Lisa Wells                 |                4
 Dylan Lane                 |               16
 Michelle Reeves            |                7
 James Sutton               |                7
 Brett Mitchell             |                3
 Autumn Griffin             |                8
 Christopher Martinez       |                8
 Cassandra Rasmussen        |               10
 Samantha Arroyo            |                5
 Aaron May                  |                6
 Brian White                |                9
 Jessica Walter             |                2
 Barry Mitchell             |                8
 Matthew Willis             |               14
-- More  --






SELECT * 
FROM PassengerBookingView 
WHERE FlightNumber = '1001';



 passengerid |   passengername    | bookingid | bookingdate | flightnumber |    departuretime    |     arrivaltime     | bookingstatus
-------------+--------------------+-----------+-------------+--------------+---------------------+---------------------+---------------
   741930661 | Lindsay Kelly      |      1147 | 2024-04-27  |         1001 | 2025-01-09 03:16:06 | 2025-01-09 16:16:06 | Pending
   981892864 | Jennifer King      |      3847 | 2024-04-27  |         1001 | 2025-01-09 03:16:06 | 2025-01-09 16:16:06 | Pending
   367373360 | David Brown        |      7834 | 2024-04-27  |         1001 | 2025-01-09 03:16:06 | 2025-01-09 16:16:06 | Pending
   166255368 | Kenneth Mendoza    |     16272 | 2024-04-27  |         1001 | 2025-01-09 03:16:06 | 2025-01-09 16:16:06 | Confirmed
   142605278 | Sydney Mooney      |     22989 | 2024-04-27  |         1001 | 2025-01-09 03:16:06 | 2025-01-09 16:16:06 | Complete
   652586726 | Christopher Brown  |     24537 | 2024-04-27  |         1001 | 2025-01-09 03:16:06 | 2025-01-09 16:16:06 | Confirmed
   298355648 | Ronnie Watkins     |     28561 | 2024-04-27  |         1001 | 2025-01-09 03:16:06 | 2025-01-09 16:16:06 | Pending
   443481842 | David Dillon       |     35952 | 2024-04-27  |         1001 | 2025-01-09 03:16:06 | 2025-01-09 16:16:06 | Complete
   328508704 | Steven Johns       |     36174 | 2024-04-27  |         1001 | 2025-01-09 03:16:06 | 2025-01-09 16:16:06 | Confirmed
   168212052 | Amber Murray MD    |     37928 | 2024-04-27  |         1001 | 2025-01-09 03:16:06 | 2025-01-09 16:16:06 | Complete
   464009497 | Taylor Nichols     |     46078 | 2024-04-27  |         1001 | 2025-01-09 03:16:06 | 2025-01-09 16:16:06 | Pending
   333378318 | Johnny Mcbride     |     49223 | 2024-04-27  |         1001 | 2025-01-09 03:16:06 | 2025-01-09 16:16:06 | Complete
   836077427 | Susan Cervantes    |     53390 | 2024-04-27  |         1001 | 2025-01-09 03:16:06 | 2025-01-09 16:16:06 | Confirmed
   851501246 | Richard Potter     |     54789 | 2024-04-27  |         1001 | 2025-01-09 03:16:06 | 2025-01-09 16:16:06 | Confirmed
   805166142 | Diane Owens        |     56604 | 2024-04-27  |         1001 | 2025-01-09 03:16:06 | 2025-01-09 16:16:06 | Pending
   694093498 | James Barber       |     60399 | 2024-04-27  |         1001 | 2025-01-09 03:16:06 | 2025-01-09 16:16:06 | Confirmed
   888353608 | Anna Taylor        |     62092 | 2024-04-27  |         1001 | 2025-01-09 03:16:06 | 2025-01-09 16:16:06 | Confirmed
   328508704 | Steven Johns       |     65789 | 2024-04-27  |         1001 | 2025-01-09 03:16:06 | 2025-01-09 16:16:06 | Pending
   414065206 | Timothy Medina     |     66925 | 2024-04-27  |         1001 | 2025-01-09 03:16:06 | 2025-01-09 16:16:06 | Pending
   261872430 | Chelsea Hubbard    |     70388 | 2024-04-27  |         1001 | 2025-01-09 03:16:06 | 2025-01-09 16:16:06 | Complete
   783095288 | Jose Fields        |     74541 | 2024-04-27  |         1001 | 2025-01-09 03:16:06 | 2025-01-09 16:16:06 | Pending
   850856344 | Christopher Miller |     74575 | 2024-04-27  |         1001 | 2025-01-09 03:16:06 | 2025-01-09 16:16:06 | Complete
   517342982 | Nicholas Lopez     |     81358 | 2024-04-27  |         1001 | 2025-01-09 03:16:06 | 2025-01-09 16:16:06 | Complete
   851501246 | Richard Potter     |     82397 | 2024-04-27  |         1001 | 2025-01-09 03:16:06 | 2025-01-09 16:16:06 | Pending
   637186414 | Michelle Williams  |     83604 | 2024-04-27  |         1001 | 2025-01-09 03:16:06 | 2025-01-09 16:16:06 | Confirmed
   517342982 | Nicholas Lopez     |     84092 | 2024-04-27  |         1001 | 2025-01-09 03:16:06 | 2025-01-09 16:16:06 | Confirmed
   851164911 | Keith Davis        |     85773 | 2024-04-27  |         1001 | 2025-01-09 03:16:06 | 2025-01-09 16:16:06 | Confirmed
   859581938 | Robert Hancock     |     88508 | 2024-04-27  |         1001 | 2025-01-09 03:16:06 | 2025-01-09 16:16:06 | Confirmed
   555860141 | Christine Johnson  |     89937 | 2024-04-27  |         1001 | 2025-01-09 03:16:06 | 2025-01-09 16:16:06 | Complete
   744240088 | Erin Smith         |     91531 | 2024-04-27  |         1001 | 2025-01-09 03:16:06 | 2025-01-09 16:16:06 | Confirmed
   860064865 | Erik Monroe        |     91854 | 2024-04-27  |         1001 | 2025-01-09 03:16:06 | 2025-01-09 16:16:06 | Complete
   448367388 | Christopher Beck   |     93241 | 2024-04-27  |         1001 | 2025-01-09 03:16:06 | 2025-01-09 16:16:06 | Confirmed
   888353608 | Anna Taylor        |     98680 | 2024-04-27  |         1001 | 2025-01-09 03:16:06 | 2025-01-09 16:16:06 | Confirmed
   340895127 | Michael May        |    102162 | 2024-04-27  |         1001 | 2025-01-09 03:16:06 | 2025-01-09 16:16:06 | Complete
   720372324 | Carrie Freeman     |    104490 | 2024-04-27  |         1001 | 2025-01-09 03:16:06 | 2025-01-09 16:16:06 | Complete
   166255368 | Kenneth Mendoza    |    104812 | 2024-04-27  |         1001 | 2025-01-09 03:16:06 | 2025-01-09 16:16:06 | Confirmed
   473193128 | Zachary Mcclure    |    105993 | 2024-04-27  |         1001 | 2025-01-09 03:16:06 | 2025-01-09 16:16:06 | Complete
   448367388 | Christopher Beck   |    107647 | 2024-04-27  |         1001 | 2025-01-09 03:16:06 | 2025-01-09 16:16:06 | Complete
   654354653 | Jordan Harvey      |    109161 | 2024-04-27  |         1001 | 2025-01-09 03:16:06 | 2025-01-09 16:16:06 | Confirmed
   409589507 | William Vance      |    109610 | 2024-04-27  |         1001 | 2025-01-09 03:16:06 | 2025-01-09 16:16:06 | Confirmed
   346018729 | Sarah Sutton       |    110428 | 2024-04-27  |         1001 | 2025-01-09 03:16:06 | 2025-01-09 16:16:06 | Confirmed
